dexy - INFO - starting logging for dexy
dexy - INFO - using config file 'dexy.yaml'
dexy - INFO - running 586d0e4405b3a96a708b88501b018045 pattern:*.html|hd|ft|jinja: about to run 'pattern:*.html|hd|ft|jinja'
dexy - INFO - running 41fcb41b7a98827350ef97f6c619a806 doc:descriptions.md|pandoc|htmlsections: about to run 'doc:descriptions.md|pandoc|htmlsections'
dexy - INFO - running 285934f5006b0cb45e273f8e372f96a5 pattern:color-stacks/_*.html|htmlsections: about to run 'pattern:color-stacks/_*.html|htmlsections'
dexy - INFO - running 09235380820800d145e5fe321a917926 doc:color-stacks/_reds.html|htmlsections: about to run 'doc:color-stacks/_reds.html|htmlsections'
dexy - INFO - running ef75178cfd3b01f137a3b73f5a328f79 doc:color-stacks/_yellows.html|htmlsections: about to run 'doc:color-stacks/_yellows.html|htmlsections'
dexy - INFO - running 2f11b7da1e437ed0cb5cc4b9a1824c9b doc:color-stacks/_violets.html|htmlsections: about to run 'doc:color-stacks/_violets.html|htmlsections'
dexy - INFO - running 4b6635e41d04c48f909f574fdcc92d53 doc:color-stacks/_greys.html|htmlsections: about to run 'doc:color-stacks/_greys.html|htmlsections'
dexy - INFO - running 82cfaa3390892883dd7ee65805ffe2c8 doc:color-stacks/_blue-violets.html|htmlsections: about to run 'doc:color-stacks/_blue-violets.html|htmlsections'
dexy - INFO - running 328f2f42367cd90123bdb03fa4708468 doc:color-stacks/_red-violets.html|htmlsections: about to run 'doc:color-stacks/_red-violets.html|htmlsections'
dexy - INFO - running 4f52cd36608d068d95b8da87e9f7408d doc:color-stacks/_blues.html|htmlsections: about to run 'doc:color-stacks/_blues.html|htmlsections'
dexy - INFO - running 638fe642370b953f7c3aa3fb147b9fa7 doc:color-stacks/_browns.html|htmlsections: about to run 'doc:color-stacks/_browns.html|htmlsections'
dexy - INFO - running 40bb2e53be4a04cb1e5ecf4929ada703 doc:color-stacks/_greens.html|htmlsections: about to run 'doc:color-stacks/_greens.html|htmlsections'
dexy - INFO - running cc9dafe92ba862565bd3da69fff04442 doc:color-stacks/_oranges.html|htmlsections: about to run 'doc:color-stacks/_oranges.html|htmlsections'
dexy - INFO - running 206a295e8285f59d9dd9a2362f2bb92e doc:color-stacks/_whites.html|htmlsections: about to run 'doc:color-stacks/_whites.html|htmlsections'
dexy - INFO - running 64c9104da8ea5c6ffded0091a461f78d doc:color-stacks/_yellow-oranges.html|htmlsections: about to run 'doc:color-stacks/_yellow-oranges.html|htmlsections'
dexy - INFO - running 14831fdd03ccbe66f16eba7cecdc883e doc:color-stacks/_blue-greens.html|htmlsections: about to run 'doc:color-stacks/_blue-greens.html|htmlsections'
dexy - INFO - running 51bea3f3a3bf3b8c5c369c0b5c7dbe09 doc:color-stacks/_red-oranges.html|htmlsections: about to run 'doc:color-stacks/_red-oranges.html|htmlsections'
dexy - INFO - running 8b787ee937adf9dfbc54fa785aedb13b doc:color-stacks/_yellow-greens.html|htmlsections: about to run 'doc:color-stacks/_yellow-greens.html|htmlsections'
dexy - INFO - running 8574dc46a395f52e2feb361ba6046c01 pattern:color-schemes/_*.html|htmlsections: about to run 'pattern:color-schemes/_*.html|htmlsections'
dexy - INFO - running 0717c8c5ca0a0684b3ca6b6826eb5fcd doc:color-schemes/_quadradic.html|htmlsections: about to run 'doc:color-schemes/_quadradic.html|htmlsections'
dexy - INFO - running 16789cbb0f1ebe1495394d1f513c2bb4 doc:color-schemes/_analogous.html|htmlsections: about to run 'doc:color-schemes/_analogous.html|htmlsections'
dexy - INFO - running b74baa2049c141117243dc69a1f9c826 doc:color-schemes/_complementary.html|htmlsections: about to run 'doc:color-schemes/_complementary.html|htmlsections'
dexy - INFO - running 86415693b6017a852c81f91fd944c834 doc:color-schemes/_triadic.html|htmlsections: about to run 'doc:color-schemes/_triadic.html|htmlsections'
dexy - INFO - running 869fb8118981dc00737ce0b1176443d4 doc:color-schemes/_tetradic.html|htmlsections: about to run 'doc:color-schemes/_tetradic.html|htmlsections'
dexy - INFO - running 9dd433d3669cd76c76f3f5cb2f85c66d doc:color-schemes/_monochromatic.html|htmlsections: about to run 'doc:color-schemes/_monochromatic.html|htmlsections'
dexy - INFO - running c2feb3c0d2468059f291316b82115ba8 doc:color-schemes/_split-complementary.html|htmlsections: about to run 'doc:color-schemes/_split-complementary.html|htmlsections'
dexy - INFO - running dcfc046771cec906c96a2a8fe9cd50e5 doc:color-schemes/_double-complementary.html|htmlsections: about to run 'doc:color-schemes/_double-complementary.html|htmlsections'
dexy - INFO - running 3ea12bb07796df572726916bc9595070 doc:_header.html|jinja: about to run 'doc:_header.html|jinja'
dexy - INFO - running ef9867c9447d3057d472ad426df86a05 pattern:_*.html: about to run 'pattern:_*.html'
dexy - INFO - running f0715a4bbfb56fc77971a8954f077871 doc:_footer.html: about to run 'doc:_footer.html'
dexy - INFO - running 69d9b376a29cd8dfe07b3ffec18d4b55 doc:_header.html: about to run 'doc:_header.html'
dexy - INFO - running 32605870b5f8aaf36b77c660da9f4532 doc:_footer.html|hd|ft|jinja: about to run 'doc:_footer.html|hd|ft|jinja'
dexy - INFO - running 5e31c87f5062fa034f5f65c21a03e1ae doc:color-schemes/_quadradic.html|hd|ft|jinja: about to run 'doc:color-schemes/_quadradic.html|hd|ft|jinja'
dexy - INFO - running 9cca0e79ab0c2bbccb686b6c2c7e88b4 doc:color-stacks/_reds.html|hd|ft|jinja: about to run 'doc:color-stacks/_reds.html|hd|ft|jinja'
dexy - INFO - running 9762bcfa7c10f59baccbe0ae2d8577df doc:use.html|hd|ft|jinja: about to run 'doc:use.html|hd|ft|jinja'
dexy - INFO - running f3c96ad2fe48c165c899202f60427674 doc:color-stacks/_yellows.html|hd|ft|jinja: about to run 'doc:color-stacks/_yellows.html|hd|ft|jinja'
dexy - INFO - running 9bd6d6abbf4c2c6fcac6e1a8b91a02b3 doc:css-level3.html|hd|ft|jinja: about to run 'doc:css-level3.html|hd|ft|jinja'
dexy - INFO - running 75771430f3ead1c541d100d8613234b9 doc:color-stacks/_violets.html|hd|ft|jinja: about to run 'doc:color-stacks/_violets.html|hd|ft|jinja'
dexy - INFO - running 2cb96a177ee72023ae8fc810efb01de9 doc:_header.html|hd|ft|jinja: about to run 'doc:_header.html|hd|ft|jinja'
dexy - INFO - running 7a69f0c41f13cc6218224c67e2941478 doc:color-schemes/_analogous.html|hd|ft|jinja: about to run 'doc:color-schemes/_analogous.html|hd|ft|jinja'
dexy - INFO - running 3b4587440893fa58cc19c6e998e5eedf doc:color-stacks/_greys.html|hd|ft|jinja: about to run 'doc:color-stacks/_greys.html|hd|ft|jinja'
dexy - INFO - running a3c3489499e4291b46de8164b19d97b2 doc:color-stacks/_blue-violets.html|hd|ft|jinja: about to run 'doc:color-stacks/_blue-violets.html|hd|ft|jinja'
dexy - INFO - running c8a7d0aea5f6daee0fee7a9976a8d7a2 doc:color-stacks/_red-violets.html|hd|ft|jinja: about to run 'doc:color-stacks/_red-violets.html|hd|ft|jinja'
dexy - INFO - running 70da4b3b2f6955374dbc71d9a64dba75 doc:color-stacks/_blues.html|hd|ft|jinja: about to run 'doc:color-stacks/_blues.html|hd|ft|jinja'
dexy - INFO - running 69cf3f9f9d7ab0181c7280b05bd88a35 doc:color-schemes/_complementary.html|hd|ft|jinja: about to run 'doc:color-schemes/_complementary.html|hd|ft|jinja'
dexy - INFO - running 479d9726d0d94a9e392614ab05e298ed doc:color-library.html|hd|ft|jinja: about to run 'doc:color-library.html|hd|ft|jinja'
dexy - INFO - running 568349b5db4fd9e782045c49b50496c0 doc:color-schemes/_triadic.html|hd|ft|jinja: about to run 'doc:color-schemes/_triadic.html|hd|ft|jinja'
dexy - INFO - running 0e1e66e9c73bf5cd87c04cea1e52d7ac doc:index.html|hd|ft|jinja: about to run 'doc:index.html|hd|ft|jinja'
dexy - INFO - running 1c961580d548980de6070bd8a0272f91 doc:color-schemes/_tetradic.html|hd|ft|jinja: about to run 'doc:color-schemes/_tetradic.html|hd|ft|jinja'
dexy - INFO - running ef9d39e52b6ff39843964a62ab967483 doc:color-stacks/_browns.html|hd|ft|jinja: about to run 'doc:color-stacks/_browns.html|hd|ft|jinja'
dexy - INFO - running 4a0aac59879f7da6ee2773f835bacc63 doc:color-schemes/_monochromatic.html|hd|ft|jinja: about to run 'doc:color-schemes/_monochromatic.html|hd|ft|jinja'
dexy - INFO - running 8d2d8e1668d77a00dda3543949a1fe01 doc:color-stacks/_greens.html|hd|ft|jinja: about to run 'doc:color-stacks/_greens.html|hd|ft|jinja'
dexy - INFO - running fc64537b00ec2a07b43e1eac9831702d doc:color-schemes/_split-complementary.html|hd|ft|jinja: about to run 'doc:color-schemes/_split-complementary.html|hd|ft|jinja'
dexy - INFO - running 5a0a44a6e2cc9503a73371199d85701e doc:color-stacks/_oranges.html|hd|ft|jinja: about to run 'doc:color-stacks/_oranges.html|hd|ft|jinja'
dexy - INFO - running dcf01549d37f08def11043492c492b1f doc:color-stacks/_whites.html|hd|ft|jinja: about to run 'doc:color-stacks/_whites.html|hd|ft|jinja'
dexy - INFO - running 3a60d8d3cc994c074ecc015e397fbff7 doc:waypoints.html|hd|ft|jinja: about to run 'doc:waypoints.html|hd|ft|jinja'
dexy - INFO - running 809c83a18fd3042199f43275e04e2efb doc:color-stacks/_yellow-oranges.html|hd|ft|jinja: about to run 'doc:color-stacks/_yellow-oranges.html|hd|ft|jinja'
dexy - INFO - running aa90bc84399233c3386ccee69e84fc61 doc:color-stacks/_blue-greens.html|hd|ft|jinja: about to run 'doc:color-stacks/_blue-greens.html|hd|ft|jinja'
dexy - INFO - running c5df49dbb5791dde79847522c710a664 doc:color-schemes/_double-complementary.html|hd|ft|jinja: about to run 'doc:color-schemes/_double-complementary.html|hd|ft|jinja'
dexy - INFO - running faf2b4728b9c809f89c8445974c12110 doc:color-stacks/_red-oranges.html|hd|ft|jinja: about to run 'doc:color-stacks/_red-oranges.html|hd|ft|jinja'
dexy - INFO - running 9dec39a9085c6445137e31240311c886 doc:color-stacks/_yellow-greens.html|hd|ft|jinja: about to run 'doc:color-stacks/_yellow-greens.html|hd|ft|jinja'
dexy - INFO - running 1f41b63434b156fbe744bcc4863ee8ee doc:color-scheme.html|hd|ft|jinja: about to run 'doc:color-scheme.html|hd|ft|jinja'
dexy - INFO - running 74dd17daf7f21eded9c1df08e147390b bundle:assests: about to run 'bundle:assests'
dexy - INFO - running fc36854b6867c1581ab159b09dd7e2f4 pattern:*.png: about to run 'pattern:*.png'
dexy - INFO - running 47006d9272b6cec8f1d13ef6612fef93 doc:images/colorwheel.png: about to run 'doc:images/colorwheel.png'
dexy - INFO - running 1fefe51ec05ae4f6b1b9a4a5328c4573 pattern:*.css: about to run 'pattern:*.css'
dexy - INFO - running 85d2f52ebf6a9ed417320efc67304b27 doc:css/screen.css: about to run 'doc:css/screen.css'
dexy - WARNING - reporter:output: WARNING overwriting file output/_footer.html
dexy - WARNING - reporter:output: WARNING overwriting file output/_header.html
dexy - WARNING - reporter:output: WARNING overwriting file output/_header.html
